<?xml version="1.0" encoding="UTF-8"?>
<testsuite xmlns:xsi="http://www.w3.org/2001/XMLSchema-instance" xsi:noNamespaceSchemaLocation="https://maven.apache.org/surefire/maven-surefire-plugin/xsd/surefire-test-report-3.0.xsd" version="3.0" name="zest.AddBinaryTest" time="0.308" tests="14" errors="0" skipped="0" failures="0">
  <properties>
[...]
</properties>
  <testcase name="multipleConsecutiveCarries" classname="zest.AddBinaryTest" time="0.117"/>
  <testcase name="onlyAContributesForSeveralBits" classname="zest.AddBinaryTest" time="0.004"/>
  <testcase name="onlyBContributesForSeveralBits" classname="zest.AddBinaryTest" time="0.003"/>
  <testcase name="addZeroToOne" classname="zest.AddBinaryTest" time="0.002"/>
  <testcase name="nullBThrowsException" classname="zest.AddBinaryTest" time="0.006"/>
  <testcase name="aLongerThanB" classname="zest.AddBinaryTest" time="0.002"/>
  <testcase name="carryInMiddle" classname="zest.AddBinaryTest" time="0.002"/>
  <testcase name="bLongerThanA" classname="zest.AddBinaryTest" time="0.002"/>
  <testcase name="readmeExample" classname="zest.AddBinaryTest" time="0.002"/>
  <testcase name="nullAThrowsException" classname="zest.AddBinaryTest" time="0.004"/>
  <testcase name="singleBitCarry" classname="zest.AddBinaryTest" time="0.004"/>
  <testcase name="addOneToZero" classname="zest.AddBinaryTest" time="0.003"/>
  <testcase name="equalLengthWithCarry" classname="zest.AddBinaryTest" time="0.002"/>
  <testcase name="bothZero" classname="zest.AddBinaryTest" time="0.002"/>
</testsuite>