<?xml version="1.0" encoding="UTF-8"?>
<testsuite xmlns:xsi="http://www.w3.org/2001/XMLSchema-instance" xsi:noNamespaceSchemaLocation="https://maven.apache.org/surefire/maven-surefire-plugin/xsd/surefire-test-report-3.0.xsd" version="3.0" name="zest.MinCostClimbingStairsTest" time="2.343" tests="4" errors="0" skipped="0" failures="0">
  <properties>
[...]
</properties>
  <testcase name="testNegativeCostThrows" classname="zest.MinCostClimbingStairsTest" time="0.164"/>
  <testcase name="testExample1FromReadme" classname="zest.MinCostClimbingStairsTest" time="0.007"/>
  <testcase name="testAllSameCosts" classname="zest.MinCostClimbingStairsTest" time="0.003"/>
  <testcase name="testArrayTooLongThrows" classname="zest.MinCostClimbingStairsTest" time="0.009"/>
  <testcase name="testLongerArray" classname="zest.MinCostClimbingStairsTest" time="0.002"/>
  <testcase name="testResultDoesNotExceedTotalCost" classname="zest.MinCostClimbingStairsTest" time="0.004"/>
  <testcase name="testCostAboveMaxThrows" classname="zest.MinCostClimbingStairsTest" time="0.004"/>
  <testcase name="testMinimumLengthFirstCheaper" classname="zest.MinCostClimbingStairsTest" time="0.001"/>
  <testcase name="testNullInputThrows" classname="zest.MinCostClimbingStairsTest" time="0.003"/>
  <testcase name="testResultIsNonNegative" classname="zest.MinCostClimbingStairsTest" time="0.003"/>
  <testcase name="testEmptyArrayThrows" classname="zest.MinCostClimbingStairsTest" time="0.005"/>
  <testcase name="testExample2FromReadme" classname="zest.MinCostClimbingStairsTest" time="0.002"/>
  <testcase name="testMinimumLengthArray" classname="zest.MinCostClimbingStairsTest" time="0.003"/>
  <testcase name="testArrayTooShortThrows" classname="zest.MinCostClimbingStairsTest" time="0.005"/>
  <testcase name="testAllZeroCosts" classname="zest.MinCostClimbingStairsTest" time="0.002"/>
  <testcase name="resultScalesWithCosts" classname="zest.MinCostClimbingStairsTest" time="1.709">
    <system-out><![CDATA[timestamp = 2026-04-25T10:57:09.790699500, MinCostClimbingStairsTest:resultScalesWithCosts = 
                              |-----------------------jqwik-----------------------
tries = 1000                  | # of calls to property
checks = 1000                 | # of not rejected calls
generation = RANDOMIZED       | parameters are randomly generated
after-failure = SAMPLE_FIRST  | try previously failed sample, then previous seed
when-fixed-seed = ALLOW       | fixing the random seed is allowed
edge-cases#mode = MIXIN       | edge cases are mixed in
edge-cases#total = 0          | # of all combined edge cases
edge-cases#tried = 0          | # of edge cases tried in current run
seed = -5025555836489554900   | random seed to reproduce generated values


]]></system-out>
  </testcase>
  <testcase name="twoElementResultIsMinOfBoth" classname="zest.MinCostClimbingStairsTest" time="0.248">
    <system-out><![CDATA[timestamp = 2026-04-25T10:57:10.050082800, MinCostClimbingStairsTest:twoElementResultIsMinOfBoth = 
                              |-----------------------jqwik-----------------------
tries = 1000                  | # of calls to property
checks = 1000                 | # of not rejected calls
generation = RANDOMIZED       | parameters are randomly generated
after-failure = SAMPLE_FIRST  | try previously failed sample, then previous seed
when-fixed-seed = ALLOW       | fixing the random seed is allowed
edge-cases#mode = MIXIN       | edge cases are mixed in
edge-cases#total = 25         | # of all combined edge cases
edge-cases#tried = 25         | # of edge cases tried in current run
seed = -8560203263900864409   | random seed to reproduce generated values


]]></system-out>
  </testcase>
  <testcase name="resultAlwaysNonNegative" classname="zest.MinCostClimbingStairsTest" time="0.153">
    <system-out><![CDATA[timestamp = 2026-04-25T10:57:10.206644100, MinCostClimbingStairsTest:resultAlwaysNonNegative = 
                              |-----------------------jqwik-----------------------
tries = 1000                  | # of calls to property
checks = 1000                 | # of not rejected calls
generation = RANDOMIZED       | parameters are randomly generated
after-failure = SAMPLE_FIRST  | try previously failed sample, then previous seed
when-fixed-seed = ALLOW       | fixing the random seed is allowed
edge-cases#mode = MIXIN       | edge cases are mixed in
edge-cases#total = 0          | # of all combined edge cases
edge-cases#tried = 0          | # of edge cases tried in current run
seed = -5496623452361731670   | random seed to reproduce generated values


]]></system-out>
  </testcase>
  <testcase name="resultNeverExceedsTotalCost" classname="zest.MinCostClimbingStairsTest" time="0.146">
    <system-out><![CDATA[timestamp = 2026-04-25T10:57:10.353930500, MinCostClimbingStairsTest:resultNeverExceedsTotalCost = 
                              |-----------------------jqwik-----------------------
tries = 1000                  | # of calls to property
checks = 1000                 | # of not rejected calls
generation = RANDOMIZED       | parameters are randomly generated
after-failure = SAMPLE_FIRST  | try previously failed sample, then previous seed
when-fixed-seed = ALLOW       | fixing the random seed is allowed
edge-cases#mode = MIXIN       | edge cases are mixed in
edge-cases#total = 0          | # of all combined edge cases
edge-cases#tried = 0          | # of edge cases tried in current run
seed = -3089514664909002011   | random seed to reproduce generated values


]]></system-out>
  </testcase>
</testsuite>