<?xml version="1.0" encoding="UTF-8"?>
<testsuite xmlns:xsi="http://www.w3.org/2001/XMLSchema-instance" xsi:noNamespaceSchemaLocation="https://maven.apache.org/surefire/maven-surefire-plugin/xsd/surefire-test-report-3.0.xsd" version="3.0" name="zest.FindAllDuplicatesInArrayTest" time="0.909" tests="4" errors="0" skipped="0" failures="0">
  <properties>
[...]
</properties>
  <testcase name="testTwoElements_withDuplicate" classname="zest.FindAllDuplicatesInArrayTest" time="0.135"/>
  <testcase name="testExample1FromReadme" classname="zest.FindAllDuplicatesInArrayTest" time="0.002"/>
  <testcase name="testNegativeElementThrows" classname="zest.FindAllDuplicatesInArrayTest" time="0.032"/>
  <testcase name="testResultSizeAtMostHalfN" classname="zest.FindAllDuplicatesInArrayTest" time="0.003"/>
  <testcase name="testArrayTooLongThrows" classname="zest.FindAllDuplicatesInArrayTest" time="0.009"/>
  <testcase name="testExample3FromReadme" classname="zest.FindAllDuplicatesInArrayTest" time="0.001"/>
  <testcase name="testNullInputThrows" classname="zest.FindAllDuplicatesInArrayTest" time="0.005"/>
  <testcase name="testAllDuplicates" classname="zest.FindAllDuplicatesInArrayTest" time="0.002"/>
  <testcase name="testElementAboveNThrows" classname="zest.FindAllDuplicatesInArrayTest" time="0.004"/>
  <testcase name="testResultIsNotNull" classname="zest.FindAllDuplicatesInArrayTest" time="0.003"/>
  <testcase name="testEmptyArrayThrows" classname="zest.FindAllDuplicatesInArrayTest" time="0.004"/>
  <testcase name="testElementZeroThrows" classname="zest.FindAllDuplicatesInArrayTest" time="0.003"/>
  <testcase name="testNoDuplicatesInResult" classname="zest.FindAllDuplicatesInArrayTest" time="0.001"/>
  <testcase name="testResultElementsAreInValidRange" classname="zest.FindAllDuplicatesInArrayTest" time="0.001"/>
  <testcase name="testExample2FromReadme" classname="zest.FindAllDuplicatesInArrayTest" time="0.001"/>
  <testcase name="testNoDuplicates" classname="zest.FindAllDuplicatesInArrayTest" time="0.002"/>
  <testcase name="testTwoElements_noDuplicate" classname="zest.FindAllDuplicatesInArrayTest" time="0.002"/>
  <testcase name="testSingleDuplicate" classname="zest.FindAllDuplicatesInArrayTest" time="0.001"/>
  <testcase name="resultSizeAtMostHalfN" classname="zest.FindAllDuplicatesInArrayTest" time="0.771">
    <system-out><![CDATA[timestamp = 2026-04-25T12:32:33.178674500, FindAllDuplicatesInArrayTest:resultSizeAtMostHalfN = 
                              |-----------------------jqwik-----------------------
tries = 20                    | # of calls to property
checks = 20                   | # of not rejected calls
generation = EXHAUSTIVE       | parameters are exhaustively generated
after-failure = SAMPLE_FIRST  | try previously failed sample, then previous seed
when-fixed-seed = ALLOW       | fixing the random seed is allowed
edge-cases#mode = MIXIN       | edge cases are mixed in
edge-cases#total = 0          | # of all combined edge cases
edge-cases#tried = 0          | # of edge cases tried in current run
seed = 8033592918436477127    | random seed to reproduce generated values


]]></system-out>
  </testcase>
  <testcase name="everyResultElementAppearedTwiceInInput" classname="zest.FindAllDuplicatesInArrayTest" time="0.021">
    <system-out><![CDATA[timestamp = 2026-04-25T12:32:33.210673700, FindAllDuplicatesInArrayTest:everyResultElementAppearedTwiceInInput = 
                              |-----------------------jqwik-----------------------
tries = 20                    | # of calls to property
checks = 20                   | # of not rejected calls
generation = EXHAUSTIVE       | parameters are exhaustively generated
after-failure = SAMPLE_FIRST  | try previously failed sample, then previous seed
when-fixed-seed = ALLOW       | fixing the random seed is allowed
edge-cases#mode = MIXIN       | edge cases are mixed in
edge-cases#total = 0          | # of all combined edge cases
edge-cases#tried = 0          | # of edge cases tried in current run
seed = -5313303018081181169   | random seed to reproduce generated values


]]></system-out>
  </testcase>
  <testcase name="resultHasNoDuplicateValues" classname="zest.FindAllDuplicatesInArrayTest" time="0.019">
    <system-out><![CDATA[timestamp = 2026-04-25T12:32:33.232670400, FindAllDuplicatesInArrayTest:resultHasNoDuplicateValues = 
                              |-----------------------jqwik-----------------------
tries = 20                    | # of calls to property
checks = 20                   | # of not rejected calls
generation = EXHAUSTIVE       | parameters are exhaustively generated
after-failure = SAMPLE_FIRST  | try previously failed sample, then previous seed
when-fixed-seed = ALLOW       | fixing the random seed is allowed
edge-cases#mode = MIXIN       | edge cases are mixed in
edge-cases#total = 0          | # of all combined edge cases
edge-cases#tried = 0          | # of edge cases tried in current run
seed = 5964964314784217557    | random seed to reproduce generated values


]]></system-out>
  </testcase>
  <testcase name="uniqueElementsNotInResult" classname="zest.FindAllDuplicatesInArrayTest" time="0.025">
    <system-out><![CDATA[timestamp = 2026-04-25T12:32:33.260998, FindAllDuplicatesInArrayTest:uniqueElementsNotInResult = 
                              |-----------------------jqwik-----------------------
tries = 20                    | # of calls to property
checks = 20                   | # of not rejected calls
generation = EXHAUSTIVE       | parameters are exhaustively generated
after-failure = SAMPLE_FIRST  | try previously failed sample, then previous seed
when-fixed-seed = ALLOW       | fixing the random seed is allowed
edge-cases#mode = MIXIN       | edge cases are mixed in
edge-cases#total = 0          | # of all combined edge cases
edge-cases#tried = 0          | # of edge cases tried in current run
seed = 4309606220608684795    | random seed to reproduce generated values


]]></system-out>
  </testcase>
</testsuite>