<?xml version="1.0" encoding="UTF-8" standalone="yes"?><!DOCTYPE report PUBLIC "-//JACOCO//DTD Report 1.1//EN" "report.dtd"><report name="BestTimeToBuyAndSellStock-test"><sessioninfo id="Lucia_TH-41071a3a" start="1774285809764" dump="1774285812523"/><package name="zest"><class name="zest/BestTimeToBuyAndSellStock" sourcefilename="BestTimeToBuyAndSellStock.java"><method name="&lt;init&gt;" desc="()V" line="3"><counter type="INSTRUCTION" missed="3" covered="0"/><counter type="LINE" missed="1" covered="0"/><counter type="COMPLEXITY" missed="1" covered="0"/><counter type="METHOD" missed="1" covered="0"/></method><method name="maxProfit" desc="([I)I" line="14"><counter type="INSTRUCTION" missed="0" covered="47"/><counter type="BRANCH" missed="0" covered="10"/><counter type="LINE" missed="0" covered="11"/><counter type="COMPLEXITY" missed="0" covered="6"/><counter type="METHOD" missed="0" covered="1"/></method><counter type="INSTRUCTION" missed="3" covered="47"/><counter type="BRANCH" missed="0" covered="10"/><counter type="LINE" missed="1" covered="11"/><counter type="COMPLEXITY" missed="1" covered="6"/><counter type="METHOD" missed="1" covered="1"/><counter type="CLASS" missed="0" covered="1"/></class><sourcefile name="BestTimeToBuyAndSellStock.java"><line nr="3" mi="3" ci="0" mb="0" cb="0"/><line nr="14" mi="0" ci="5" mb="0" cb="4"/><line nr="15" mi="0" ci="5" mb="0" cb="0"/><line nr="18" mi="0" ci="4" mb="0" cb="0"/><line nr="21" mi="0" ci="2" mb="0" cb="0"/><line nr="23" mi="0" ci="8" mb="0" cb="2"/><line nr="25" mi="0" ci="5" mb="0" cb="2"/><line nr="26" mi="0" ci="5" mb="0" cb="0"/><line nr="28" mi="0" ci="6" mb="0" cb="0"/><line nr="29" mi="0" ci="3" mb="0" cb="2"/><line nr="30" mi="0" ci="2" mb="0" cb="0"/><line nr="35" mi="0" ci="2" mb="0" cb="0"/><counter type="INSTRUCTION" missed="3" covered="47"/><counter type="BRANCH" missed="0" covered="10"/><counter type="LINE" missed="1" covered="11"/><counter type="COMPLEXITY" missed="1" covered="6"/><counter type="METHOD" missed="1" covered="1"/><counter type="CLASS" missed="0" covered="1"/></sourcefile><counter type="INSTRUCTION" missed="3" covered="47"/><counter type="BRANCH" missed="0" covered="10"/><counter type="LINE" missed="1" covered="11"/><counter type="COMPLEXITY" missed="1" covered="6"/><counter type="METHOD" missed="1" covered="1"/><counter type="CLASS" missed="0" covered="1"/></package><counter type="INSTRUCTION" missed="3" covered="47"/><counter type="BRANCH" missed="0" covered="10"/><counter type="LINE" missed="1" covered="11"/><counter type="COMPLEXITY" missed="1" covered="6"/><counter type="METHOD" missed="1" covered="1"/><counter type="CLASS" missed="0" covered="1"/></report>